2020-04-10 17:50:33.734 [INFO ] org.springframework.boot.StartupInfoLogger.logStarting - Starting DistributedLockApplication on lishaoyong.local with PID 97328 (/Users/lishaoyong/code-cn/my/leetcode/distributed-lock/target/classes started by lishaoyong in /Users/lishaoyong/code-cn/my/leetcode)
2020-04-10 17:50:33.745 [INFO ] org.springframework.boot.SpringApplication.logStartupProfileInfo - No active profile set, falling back to default profiles: default
2020-04-10 17:50:34.754 [INFO ] org.springframework.data.repository.config.RepositoryConfigurationDelegate.multipleStoresDetected - Multiple Spring Data modules found, entering strict repository configuration mode!
2020-04-10 17:50:34.758 [INFO ] org.springframework.data.repository.config.RepositoryConfigurationDelegate.registerRepositoriesIn - Bootstrapping Spring Data Redis repositories in DEFAULT mode.
2020-04-10 17:50:34.809 [INFO ] org.springframework.data.repository.config.RepositoryConfigurationDelegate.registerRepositoriesIn - Finished Spring Data repository scanning in 9ms. Found 0 Redis repository interfaces.
2020-04-10 17:50:36.301 [INFO ] org.springframework.boot.web.embedded.tomcat.TomcatWebServer.initialize - Tomcat initialized with port(s): 8080 (http)
2020-04-10 17:50:36.503 [INFO ] org.apache.juli.logging.DirectJDKLog.log - Initializing ProtocolHandler ["http-nio-8080"]
2020-04-10 17:50:36.504 [INFO ] org.apache.juli.logging.DirectJDKLog.log - Starting service [Tomcat]
2020-04-10 17:50:36.515 [INFO ] org.apache.juli.logging.DirectJDKLog.log - Starting Servlet engine: [Apache Tomcat/9.0.33]
2020-04-10 17:50:36.884 [INFO ] org.apache.juli.logging.DirectJDKLog.log - Initializing Spring embedded WebApplicationContext
2020-04-10 17:50:36.887 [INFO ] org.springframework.boot.web.servlet.context.ServletWebServerApplicationContext.prepareWebApplicationContext - Root WebApplicationContext: initialization completed in 2958 ms
2020-04-10 17:50:38.219 [INFO ] org.springframework.scheduling.concurrent.ExecutorConfigurationSupport.initialize - Initializing ExecutorService 'applicationTaskExecutor'
2020-04-10 17:50:39.504 [INFO ] org.apache.juli.logging.DirectJDKLog.log - Starting ProtocolHandler ["http-nio-8080"]
2020-04-10 17:50:39.721 [INFO ] org.springframework.boot.web.embedded.tomcat.TomcatWebServer.start - Tomcat started on port(s): 8080 (http) with context path ''
2020-04-10 17:50:39.739 [INFO ] org.springframework.boot.StartupInfoLogger.logStarted - Started DistributedLockApplication in 7.235 seconds (JVM running for 13.73)
2020-04-10 17:50:51.720 [INFO ] org.springframework.scheduling.concurrent.ExecutorConfigurationSupport.shutdown - Shutting down ExecutorService 'applicationTaskExecutor'
2020-04-10 17:51:08.187 [INFO ] org.springframework.boot.StartupInfoLogger.logStarting - Starting DistributedLockApplication on lishaoyong.local with PID 97343 (/Users/lishaoyong/code-cn/my/leetcode/distributed-lock/target/classes started by lishaoyong in /Users/lishaoyong/code-cn/my/leetcode)
2020-04-10 17:51:08.238 [INFO ] org.springframework.boot.SpringApplication.logStartupProfileInfo - No active profile set, falling back to default profiles: default
2020-04-10 17:51:10.357 [INFO ] org.springframework.data.repository.config.RepositoryConfigurationDelegate.multipleStoresDetected - Multiple Spring Data modules found, entering strict repository configuration mode!
2020-04-10 17:51:10.363 [INFO ] org.springframework.data.repository.config.RepositoryConfigurationDelegate.registerRepositoriesIn - Bootstrapping Spring Data Redis repositories in DEFAULT mode.
2020-04-10 17:51:10.424 [INFO ] org.springframework.data.repository.config.RepositoryConfigurationDelegate.registerRepositoriesIn - Finished Spring Data repository scanning in 8ms. Found 0 Redis repository interfaces.
2020-04-10 17:51:12.532 [INFO ] org.springframework.boot.web.embedded.tomcat.TomcatWebServer.initialize - Tomcat initialized with port(s): 8080 (http)
2020-04-10 17:51:12.754 [INFO ] org.apache.juli.logging.DirectJDKLog.log - Initializing ProtocolHandler ["http-nio-8080"]
2020-04-10 17:51:12.769 [INFO ] org.apache.juli.logging.DirectJDKLog.log - Starting service [Tomcat]
2020-04-10 17:51:12.772 [INFO ] org.apache.juli.logging.DirectJDKLog.log - Starting Servlet engine: [Apache Tomcat/9.0.33]
2020-04-10 17:51:12.896 [INFO ] org.apache.juli.logging.DirectJDKLog.log - Initializing Spring embedded WebApplicationContext
2020-04-10 17:51:12.896 [INFO ] org.springframework.boot.web.servlet.context.ServletWebServerApplicationContext.prepareWebApplicationContext - Root WebApplicationContext: initialization completed in 4566 ms
2020-04-10 17:51:15.114 [INFO ] org.springframework.scheduling.concurrent.ExecutorConfigurationSupport.initialize - Initializing ExecutorService 'applicationTaskExecutor'
2020-04-10 17:51:15.980 [INFO ] org.apache.juli.logging.DirectJDKLog.log - Starting ProtocolHandler ["http-nio-8080"]
2020-04-10 17:51:16.061 [INFO ] org.springframework.boot.web.embedded.tomcat.TomcatWebServer.start - Tomcat started on port(s): 8080 (http) with context path ''
2020-04-10 17:51:16.070 [INFO ] org.springframework.boot.StartupInfoLogger.logStarted - Started DistributedLockApplication in 9.836 seconds (JVM running for 14.509)
2020-04-10 17:51:40.927 [INFO ] org.springframework.scheduling.concurrent.ExecutorConfigurationSupport.shutdown - Shutting down ExecutorService 'applicationTaskExecutor'
2020-04-10 17:51:50.450 [INFO ] org.springframework.boot.StartupInfoLogger.logStarting - Starting DistributedLockApplication on lishaoyong.local with PID 97362 (/Users/lishaoyong/code-cn/my/leetcode/distributed-lock/target/classes started by lishaoyong in /Users/lishaoyong/code-cn/my/leetcode)
2020-04-10 17:51:50.459 [INFO ] org.springframework.boot.SpringApplication.logStartupProfileInfo - No active profile set, falling back to default profiles: default
2020-04-10 17:51:52.248 [INFO ] org.springframework.data.repository.config.RepositoryConfigurationDelegate.multipleStoresDetected - Multiple Spring Data modules found, entering strict repository configuration mode!
2020-04-10 17:51:52.257 [INFO ] org.springframework.data.repository.config.RepositoryConfigurationDelegate.registerRepositoriesIn - Bootstrapping Spring Data Redis repositories in DEFAULT mode.
2020-04-10 17:51:52.322 [INFO ] org.springframework.data.repository.config.RepositoryConfigurationDelegate.registerRepositoriesIn - Finished Spring Data repository scanning in 16ms. Found 0 Redis repository interfaces.
2020-04-10 17:51:53.245 [INFO ] org.springframework.boot.web.embedded.tomcat.TomcatWebServer.initialize - Tomcat initialized with port(s): 8080 (http)
2020-04-10 17:51:53.260 [INFO ] org.apache.juli.logging.DirectJDKLog.log - Initializing ProtocolHandler ["http-nio-8080"]
2020-04-10 17:51:53.269 [INFO ] org.apache.juli.logging.DirectJDKLog.log - Starting service [Tomcat]
2020-04-10 17:51:53.272 [INFO ] org.apache.juli.logging.DirectJDKLog.log - Starting Servlet engine: [Apache Tomcat/9.0.33]
2020-04-10 17:51:53.423 [INFO ] org.apache.juli.logging.DirectJDKLog.log - Initializing Spring embedded WebApplicationContext
2020-04-10 17:51:53.424 [INFO ] org.springframework.boot.web.servlet.context.ServletWebServerApplicationContext.prepareWebApplicationContext - Root WebApplicationContext: initialization completed in 2641 ms
2020-04-10 17:51:55.367 [INFO ] org.springframework.scheduling.concurrent.ExecutorConfigurationSupport.initialize - Initializing ExecutorService 'applicationTaskExecutor'
2020-04-10 17:51:56.461 [INFO ] org.apache.juli.logging.DirectJDKLog.log - Starting ProtocolHandler ["http-nio-8080"]
2020-04-10 17:51:56.649 [INFO ] org.springframework.boot.web.embedded.tomcat.TomcatWebServer.start - Tomcat started on port(s): 8080 (http) with context path ''
2020-04-10 17:51:56.654 [INFO ] org.springframework.boot.StartupInfoLogger.logStarted - Started DistributedLockApplication in 7.733 seconds (JVM running for 10.507)
2020-04-10 17:52:17.266 [INFO ] org.springframework.scheduling.concurrent.ExecutorConfigurationSupport.shutdown - Shutting down ExecutorService 'applicationTaskExecutor'
2020-04-10 17:52:26.733 [INFO ] org.springframework.boot.StartupInfoLogger.logStarting - Starting DistributedLockApplication on lishaoyong.local with PID 97371 (/Users/lishaoyong/code-cn/my/leetcode/distributed-lock/target/classes started by lishaoyong in /Users/lishaoyong/code-cn/my/leetcode)
2020-04-10 17:52:26.744 [INFO ] org.springframework.boot.SpringApplication.logStartupProfileInfo - No active profile set, falling back to default profiles: default
2020-04-10 17:52:28.018 [INFO ] org.springframework.data.repository.config.RepositoryConfigurationDelegate.multipleStoresDetected - Multiple Spring Data modules found, entering strict repository configuration mode!
2020-04-10 17:52:28.022 [INFO ] org.springframework.data.repository.config.RepositoryConfigurationDelegate.registerRepositoriesIn - Bootstrapping Spring Data Redis repositories in DEFAULT mode.
2020-04-10 17:52:28.085 [INFO ] org.springframework.data.repository.config.RepositoryConfigurationDelegate.registerRepositoriesIn - Finished Spring Data repository scanning in 5ms. Found 0 Redis repository interfaces.
2020-04-10 17:52:29.302 [INFO ] org.springframework.boot.web.embedded.tomcat.TomcatWebServer.initialize - Tomcat initialized with port(s): 8080 (http)
2020-04-10 17:52:29.344 [INFO ] org.apache.juli.logging.DirectJDKLog.log - Initializing ProtocolHandler ["http-nio-8080"]
2020-04-10 17:52:29.345 [INFO ] org.apache.juli.logging.DirectJDKLog.log - Starting service [Tomcat]
2020-04-10 17:52:29.347 [INFO ] org.apache.juli.logging.DirectJDKLog.log - Starting Servlet engine: [Apache Tomcat/9.0.33]
2020-04-10 17:52:29.579 [INFO ] org.apache.juli.logging.DirectJDKLog.log - Initializing Spring embedded WebApplicationContext
2020-04-10 17:52:29.582 [INFO ] org.springframework.boot.web.servlet.context.ServletWebServerApplicationContext.prepareWebApplicationContext - Root WebApplicationContext: initialization completed in 2681 ms
2020-04-10 17:52:30.600 [INFO ] org.springframework.scheduling.concurrent.ExecutorConfigurationSupport.initialize - Initializing ExecutorService 'applicationTaskExecutor'
2020-04-10 17:52:30.945 [INFO ] org.apache.juli.logging.DirectJDKLog.log - Starting ProtocolHandler ["http-nio-8080"]
2020-04-10 17:52:31.063 [INFO ] org.springframework.boot.web.embedded.tomcat.TomcatWebServer.start - Tomcat started on port(s): 8080 (http) with context path ''
2020-04-10 17:52:31.106 [INFO ] org.springframework.boot.StartupInfoLogger.logStarted - Started DistributedLockApplication in 5.909 seconds (JVM running for 8.771)
2020-04-10 17:52:46.965 [INFO ] org.springframework.scheduling.concurrent.ExecutorConfigurationSupport.shutdown - Shutting down ExecutorService 'applicationTaskExecutor'
